#
# There is insufficient memory for the Java Runtime Environment to continue.
# Native memory allocation (mmap) failed to map 134217728 bytes for G1 virtual space
# Possible reasons:
#   The system is out of physical RAM or swap space
#   The process is running with CompressedOops enabled, and the Java Heap may be blocking the growth of the native heap
# Possible solutions:
#   Reduce memory load on the system
#   Increase physical memory or swap space
#   Check if swap backing store is full
#   Decrease Java heap size (-Xmx/-Xms)
#   Decrease number of Java threads
#   Decrease Java thread stack sizes (-Xss)
#   Set larger code cache with -XX:ReservedCodeCacheSize=
#   JVM is running with Unscaled Compressed Oops mode in which the Java heap is
#     placed in the first 4GB address space. The Java Heap base address is the
#     maximum limit for the native heap growth. Please use -XX:HeapBaseMinAddress
#     to set the Java Heap base and to place the Java Heap above 4GB virtual address.
# This output file may be truncated or incomplete.
#
#  Out of Memory Error (os_windows.cpp:3466), pid=13300, tid=16788
#
# JRE version:  (16.0.1+9) (build )
# Java VM: Java HotSpot(TM) 64-Bit Server VM (16.0.1+9-24, mixed mode, sharing, tiered, compressed oops, compressed class ptrs, g1 gc, windows-amd64)
# No core dump will be written. Minidumps are not enabled by default on client versions of Windows
#

---------------  S U M M A R Y ------------

Command Line: -Dfile.encoding=Cp1252 --module-path=C:\Users\mac\Documents\Curso-Java-Protalento\bootcamp-java\Semana3\bin -XX:+ShowCodeDetailsInExceptionMessages -Djdk.module.main=Control_Notas Control_Notas/Application.Arraylist

Host: Intel(R) Core(TM) i5-4278U CPU @ 2.60GHz, 4 cores, 7G,  Windows 10 , 64 bit Build 19041 (10.0.19041.1503)
Time: Thu Feb 24 02:27:22 2022 Hora estándar de Venezuela elapsed time: 0.013769 seconds (0d 0h 0m 0s)

---------------  T H R E A D  ---------------

Current thread (0x00000159cdb99bc0):  JavaThread "Unknown thread" [_thread_in_vm, id=16788, stack(0x0000003e7f900000,0x0000003e7fa00000)]

Stack: [0x0000003e7f900000,0x0000003e7fa00000]
Native frames: (J=compiled Java code, j=interpreted, Vv=VM code, C=native code)
V  [jvm.dll+0x6687ca]
V  [jvm.dll+0x7ca3c9]
V  [jvm.dll+0x7cbb53]
V  [jvm.dll+0x7cc1b3]
V  [jvm.dll+0x242ea5]
V  [jvm.dll+0x665589]
V  [jvm.dll+0x65a175]
V  [jvm.dll+0x2fc5ab]
V  [jvm.dll+0x3037a6]
V  [jvm.dll+0x352fee]
V  [jvm.dll+0x35321f]
V  [jvm.dll+0x2d3618]
V  [jvm.dll+0x2d4854]
V  [jvm.dll+0x79ccb1]
V  [jvm.dll+0x360de1]
V  [jvm.dll+0x77a990]
V  [jvm.dll+0x3e55af]
V  [jvm.dll+0x3e7081]
C  [jli.dll+0x52fb]
C  [ucrtbase.dll+0x21bb2]
C  [KERNEL32.DLL+0x17034]
C  [ntdll.dll+0x52651]


---------------  P R O C E S S  ---------------

Threads class SMR info:
_java_thread_list=0x00007ffc63b5cbb8, length=0, elements={
}

Java Threads: ( => current thread )

Other Threads:
  0x00000159cdbd7310 GCTaskThread "GC Thread#0" [stack: 0x0000003e7fa00000,0x0000003e7fb00000] [id=22584]
  0x00000159cdbeb7f0 ConcurrentGCThread "G1 Main Marker" [stack: 0x0000003e7fb00000,0x0000003e7fc00000] [id=15456]
  0x00000159cdbec170 ConcurrentGCThread "G1 Conc#0" [stack: 0x0000003e7fc00000,0x0000003e7fd00000] [id=17740]

[error occurred during error reporting (printing all threads), id 0xc0000005, EXCEPTION_ACCESS_VIOLATION (0xc0000005) at pc=0x00007ffc633344d7]

VM state: not at safepoint (not fully initialized)

VM Mutex/Monitor currently owned by a thread:  ([mutex/lock_event])
[0x00000159cdb94d80] Heap_lock - owner thread: 0x00000159cdb99bc0

Heap address: 0x0000000081600000, size: 2026 MB, Compressed Oops mode: 32-bit

CDS archive(s) mapped at: [0x0000000000000000-0x0000000000000000-0x0000000000000000), size 0, SharedBaseAddress: 0x0000000800000000, ArchiveRelocationMode: 0.
Narrow klass base: 0x0000000000000000, Narrow klass shift: 0, Narrow klass range: 0x0

GC Precious Log:
<Empty>

Heap:
 garbage-first heap   total 0K, used 0K [0x0000000081600000, 0x0000000100000000)
  region size 1024K, 0 young (0K), 0 survivors (0K)

[error occurred during error reporting (printing heap information), id 0xc0000005, EXCEPTION_ACCESS_VIOLATION (0xc0000005) at pc=0x00007ffc637124ed]

GC Heap History (0 events):
No events

Deoptimization events (0 events):
No events

Classes unloaded (0 events):
No events

Classes redefined (0 events):
No events

Internal exceptions (0 events):
No events

Events (1 events):
Event: 0.010 Loaded shared library C:\Program Files\Java\jdk-16.0.1\bin\java.dll


Dynamic libraries:
0x00007ff70ce30000 - 0x00007ff70ce40000 	C:\Program Files\Java\jdk-16.0.1\bin\javaw.exe
0x00007ffcc21f0000 - 0x00007ffcc23e5000 	C:\WINDOWS\SYSTEM32\ntdll.dll
0x00007ffcc11f0000 - 0x00007ffcc12ae000 	C:\WINDOWS\System32\KERNEL32.DLL
0x00007ffcbfcd0000 - 0x00007ffcbff98000 	C:\WINDOWS\System32\KERNELBASE.dll
0x00007ffcbfa00000 - 0x00007ffcbfb00000 	C:\WINDOWS\System32\ucrtbase.dll
0x00007ffcb5ba0000 - 0x00007ffcb5bb9000 	C:\Program Files\Java\jdk-16.0.1\bin\VCRUNTIME140.dll
0x00007ffcaa9b0000 - 0x00007ffcaa9c8000 	C:\Program Files\Java\jdk-16.0.1\bin\jli.dll
0x00007ffcc08b0000 - 0x00007ffcc095e000 	C:\WINDOWS\System32\ADVAPI32.dll
0x00007ffcc0c90000 - 0x00007ffcc0d2e000 	C:\WINDOWS\System32\msvcrt.dll
0x00007ffcc0670000 - 0x00007ffcc070c000 	C:\WINDOWS\System32\sechost.dll
0x00007ffcc0540000 - 0x00007ffcc0665000 	C:\WINDOWS\System32\RPCRT4.dll
0x00007ffcc0710000 - 0x00007ffcc08b0000 	C:\WINDOWS\System32\USER32.dll
0x00007ffcc0010000 - 0x00007ffcc0032000 	C:\WINDOWS\System32\win32u.dll
0x00007ffcc1ff0000 - 0x00007ffcc201b000 	C:\WINDOWS\System32\GDI32.dll
0x00007ffcaf970000 - 0x00007ffcafc0a000 	C:\WINDOWS\WinSxS\amd64_microsoft.windows.common-controls_6595b64144ccf1df_6.0.19041.1110_none_60b5254171f9507e\COMCTL32.dll
0x00007ffcbfb30000 - 0x00007ffcbfc3d000 	C:\WINDOWS\System32\gdi32full.dll
0x00007ffcc01a0000 - 0x00007ffcc023d000 	C:\WINDOWS\System32\msvcp_win.dll
0x00007ffcb41c0000 - 0x00007ffcb41ca000 	C:\WINDOWS\SYSTEM32\VERSION.dll
0x00007ffcc11c0000 - 0x00007ffcc11f0000 	C:\WINDOWS\System32\IMM32.DLL
0x00007ffcb5b90000 - 0x00007ffcb5b9c000 	C:\Program Files\Java\jdk-16.0.1\bin\vcruntime140_1.dll
0x00007ffca9bc0000 - 0x00007ffca9c51000 	C:\Program Files\Java\jdk-16.0.1\bin\msvcp140.dll
0x00007ffc63050000 - 0x00007ffc63bfb000 	C:\Program Files\Java\jdk-16.0.1\bin\server\jvm.dll
0x00007ffcc11b0000 - 0x00007ffcc11b8000 	C:\WINDOWS\System32\PSAPI.DLL
0x00007ffcb1a40000 - 0x00007ffcb1a49000 	C:\WINDOWS\SYSTEM32\WSOCK32.dll
0x00007ffcc0b20000 - 0x00007ffcc0b8b000 	C:\WINDOWS\System32\WS2_32.dll
0x00007ffcacfb0000 - 0x00007ffcacfd7000 	C:\WINDOWS\SYSTEM32\WINMM.dll
0x00007ffcbd7f0000 - 0x00007ffcbd802000 	C:\WINDOWS\SYSTEM32\kernel.appcore.dll
0x00007ffcb4410000 - 0x00007ffcb441a000 	C:\Program Files\Java\jdk-16.0.1\bin\jimage.dll
0x00007ffcbb210000 - 0x00007ffcbb3f4000 	C:\WINDOWS\SYSTEM32\DBGHELP.DLL
0x00007ffcb0100000 - 0x00007ffcb012c000 	C:\WINDOWS\SYSTEM32\dbgcore.DLL
0x00007ffcbfc40000 - 0x00007ffcbfcc2000 	C:\WINDOWS\System32\bcryptPrimitives.dll
0x00007ffcaa060000 - 0x00007ffcaa085000 	C:\Program Files\Java\jdk-16.0.1\bin\java.dll

dbghelp: loaded successfully - version: 4.0.5 - missing functions: none
symbol engine: initialized successfully - sym options: 0x614 - pdb path: .;C:\Program Files\Java\jdk-16.0.1\bin;C:\WINDOWS\SYSTEM32;C:\WINDOWS\WinSxS\amd64_microsoft.windows.common-controls_6595b64144ccf1df_6.0.19041.1110_none_60b5254171f9507e;C:\Program Files\Java\jdk-16.0.1\bin\server

VM Arguments:
jvm_args: -Dfile.encoding=Cp1252 --module-path=C:\Users\mac\Documents\Curso-Java-Protalento\bootcamp-java\Semana3\bin -XX:+ShowCodeDetailsInExceptionMessages -Djdk.module.main=Control_Notas 
java_command: Control_Notas/Application.Arraylist
java_class_path (initial): <not set>
Launcher Type: SUN_STANDARD

[Global flags]
     intx CICompilerCount                          = 3                                         {product} {ergonomic}
     uint ConcGCThreads                            = 1                                         {product} {ergonomic}
     uint G1ConcRefinementThreads                  = 4                                         {product} {ergonomic}
   size_t G1HeapRegionSize                         = 1048576                                   {product} {ergonomic}
    uintx GCDrainStackTargetSize                   = 64                                        {product} {ergonomic}
   size_t InitialHeapSize                          = 134217728                                 {product} {ergonomic}
   size_t MarkStackSize                            = 4194304                                   {product} {ergonomic}
   size_t MaxHeapSize                              = 2124414976                                {product} {ergonomic}
   size_t MinHeapDeltaBytes                        = 1048576                                   {product} {ergonomic}
   size_t MinHeapSize                              = 8388608                                   {product} {ergonomic}
    uintx NonNMethodCodeHeapSize                   = 5832780                                {pd product} {ergonomic}
    uintx NonProfiledCodeHeapSize                  = 122912730                              {pd product} {ergonomic}
    uintx ProfiledCodeHeapSize                     = 122912730                              {pd product} {ergonomic}
    uintx ReservedCodeCacheSize                    = 251658240                              {pd product} {ergonomic}
     bool SegmentedCodeCache                       = true                                      {product} {ergonomic}
     bool ShowCodeDetailsInExceptionMessages       = true                                   {manageable} {command line}
   size_t SoftMaxHeapSize                          = 2124414976                             {manageable} {ergonomic}
     bool UseCompressedClassPointers               = true                           {product lp64_product} {ergonomic}
     bool UseCompressedOops                        = true                           {product lp64_product} {ergonomic}
     bool UseG1GC                                  = true                                      {product} {ergonomic}
     bool UseLargePagesIndividualAllocation        = false                                  {pd product} {ergonomic}

Logging:
Log output configuration:
 #0: stdout all=warning uptime,level,tags
 #1: stderr all=off uptime,level,tags

Environment Variables:
JAVA_HOME=C:\Program Files\Java\jdk-16.0.1
PATH=C:\Program Files\Common Files\Oracle\Java\javapath;C:\Program Files (x86)\Common Files\ArchestrA\;C:\Program Files (x86)\Intel\iCLS Client\;C:\Program Files\Intel\iCLS Client\;C:\WINDOWS\system32;C:\WINDOWS;C:\WINDOWS\System32\Wbem;C:\WINDOWS\System32\WindowsPowerShell\v1.0\;C:\WINDOWS\System32\OpenSSH\;C:\Program Files (x86)\National Instruments\Shared\LabVIEW CLI;C:\Program Files (x86)\IVI Foundation\VISA\WinNT\Bin\;C:\Program Files\IVI Foundation\VISA\Win64\Bin\;C:\Program Files (x86)\IVI Foundation\VISA\WinNT\Bin;C:\Program Files\Java\jdk-16.0.1\bin;C:\Program Files\apache-maven-3.8.4\bin;C:\Program Files\Git\cmd;C:\Users\mac\AppData\Local\Programs\Python\Python39\Scripts\;C:\Users\mac\AppData\Local\Programs\Python\Python39\;C:\Users\mac\AppData\Local\Microsoft\WindowsApps;C:\Users\mac\AppData\Local\Programs\Microsoft VS Code\bin;C:\Program Files\apache-maven-3.8.4\bin;
USERNAME=mac
OS=Windows_NT
PROCESSOR_IDENTIFIER=Intel64 Family 6 Model 69 Stepping 1, GenuineIntel



---------------  S Y S T E M  ---------------

OS:
 Windows 10 , 64 bit Build 19041 (10.0.19041.1503)
OS uptime: 1 days 15:46 hours

CPU: total 4 (initial active 4) (2 cores per cpu, 2 threads per core) family 6 model 69 stepping 1 microcode 0x25, cx8, cmov, fxsr, ht, mmx, sse, sse2, sse3, ssse3, sse4.1, sse4.2, popcnt, lzcnt, tsc, tscinvbit, avx, avx2, aes, erms, clmul, bmi1, bmi2, fma, vzeroupper, clflush

Memory: 4k page, system-wide physical 8100M (1508M free)
TotalPageFile size 18457M (AvailPageFile size 41M)
current process WorkingSet (physical memory assigned to process): 10M, peak: 10M
current process commit charge ("private bytes"): 51M, peak: 179M

vm_info: Java HotSpot(TM) 64-Bit Server VM (16.0.1+9-24) for windows-amd64 JRE (16.0.1+9-24), built on Mar 26 2021 19:31:42 by "mach5one" with MS VC++ 16.7 (VS2019)

END.
